
                *****************************************************
                * AMBER Bond Angle and Dihedral Parameter Optimiser *
                *                                                   *
                *                      v3.0.0                       *
                *                                                   *
                *                    Written by:                    *
                *                 Robin Betz (2011)                 *
                *                 Ross Walker (2004)                *
                *          The Walker Molecular Dynamics Lab        *
                *         University of California, San Diego       *
                *            La Jolla, California, 92092            *
                *                       USA                         *
                *****************************************************

*************************************************************************************
                                Execution started at:
|                             Wed Aug 29 16:54:51 2018

|
| Random seed = 1535572491
 Reading job control file: job_fit.in
 Job Control: Read a total of 24 lines from job_control file. 20 options set.

  Reading prmtop file    : d23.prmtop
   Prmtop     (info): Successfully read in saved parameter information
   Prmtop   (unique): Found 10 unique bonds.
   Prmtop   (unique): Found 16 unique angles.
   Prmtop   (unique): Found 15 unique dihedrals.
   Prmtop   (unique): Found 19 unique dihedral terms.
 Reading mdcrd file: d23_valid_structures.mdcrd
  Reading mdcrd file    : d23_valid_structures.mdcrd
    Coordinate file passed format check
  Reading energy file or directory  : energy_qm_d23.dat
        ---------------------------------------------------------------------
        |                          OPTIONS SUMMARY                         |
        |                          ---------------                          |
        | Summary of Run Type Options:                                      |
        |   Run Mode = FIT, Minimiser = GENETIC                             |
        |   Function to be Fit = SUM_SQUARES_AMBER_STANDARD                 |
        |                                                                   |
        | Terms to be fit:                                                  |
        |   UNIQUE_BONDS = 10, UNIQUE ANGLES = 16, UNIQUE DIHEDRALS = 15    |
        |   NBONDS = 15, NANGLES = 26, NDIHEDRALS = 33                      |
        |                                 Total dimensions of fit = 1       |
        |                                                                   |
        | Sample structures for least squares fit = 90                      |
        |                                                                   |
        |                                                                   |
        | Energy Correction Term (K) = -351357.46633000                     |
        |                                                                   |
        |     OPTIMIZATIONS =        500                                    |
        |   MAX GENERATIONS =      50000                                    |
        |     MUTATION RATE =       0.05                                    |
        |                                                                   |
        | Estimate Memory Usage (per cpu):                                  |
        |  Coordinate info will be read from disk as required.              |
        |                OPTION STORAGE = 107 bytes                         |
        |                PRMTOP STORAGE = 371394 bytes                      |
        |            COORDINATE STORAGE = 40360 bytes                       |
        |              GA ARRAY STORAGE = 4000 bytes                        |
        |                                                                   |
        |  TOTAL ESTIMATED MEMORY USAGE = 415861 bytes                      |
        |                                                                   |
        ---------------------------------------------------------------------

 * Input structures passed dihedral span check.

   ------------------------------- INITIAL PARAMETERS --------------------------------
   Parameters for force field equation: AMBER_STANDARD:
   (* means parameter is NOT constant during fit)
                         K = -351357.466330 kcal/mol
             (hc-c3) Kr = 330.6000 kcal/(mol A)^2, r_eq =   1.0969 A 
             (J3-hc) Kr = 333.1540 kcal/(mol A)^2, r_eq =   1.0950 A 
             (SI-ha) Kr = 239.0000 kcal/(mol A)^2, r_eq =   1.4600 A 
             (QH-ho) Kr = 400.1280 kcal/(mol A)^2, r_eq =   0.9570 A 
             (c3-h1) Kr = 330.6000 kcal/(mol A)^2, r_eq =   1.0969 A 
             (c3-J3) Kr = 309.5690 kcal/(mol A)^2, r_eq =   1.5280 A 
             (J3-SI) Kr = 130.2950 kcal/(mol A)^2, r_eq =   1.8520 A 
             (SI-QH) Kr = 162.7980 kcal/(mol A)^2, r_eq =   1.6500 A 
             (SI-QS) Kr = 170.0960 kcal/(mol A)^2, r_eq =   1.6340 A 
             (QS-c3) Kr = 333.4290 kcal/(mol A)^2, r_eq =   1.4070 A 
        (hc-c3-J3) Kt =  46.3400 kcal/(mol rad)^2,  th_eq = 109.8000 deg 
        (hc-c3-hc) Kt =  39.4000 kcal/(mol rad)^2,  th_eq = 107.5800 deg 
        (c3-J3-hc) Kt =  46.3400 kcal/(mol rad)^2,  th_eq = 109.8000 deg 
        (J3-SI-ha) Kt =  47.7800 kcal/(mol rad)^2,  th_eq = 109.5000 deg 
        (hc-J3-SI) Kt =  38.7870 kcal/(mol rad)^2,  th_eq = 107.5600 deg 
        (hc-J3-hc) Kt =  39.4000 kcal/(mol rad)^2,  th_eq = 107.5800 deg 
        (SI-QH-ho) Kt =  38.8180 kcal/(mol rad)^2,  th_eq = 117.1851 deg 
        (QH-SI-ha) Kt =  47.7800 kcal/(mol rad)^2,  th_eq = 109.5000 deg 
        (QS-SI-ha) Kt =  47.7800 kcal/(mol rad)^2,  th_eq = 109.5000 deg 
        (QS-c3-h1) Kt =  50.8000 kcal/(mol rad)^2,  th_eq = 109.7800 deg 
        (h1-c3-h1) Kt =  39.2400 kcal/(mol rad)^2,  th_eq = 108.4600 deg 
        (c3-J3-SI) Kt =  55.3870 kcal/(mol rad)^2,  th_eq = 114.5880 deg 
        (J3-SI-QH) Kt =  55.8640 kcal/(mol rad)^2,  th_eq = 114.0510 deg 
        (J3-SI-QS) Kt =  57.7270 kcal/(mol rad)^2,  th_eq = 107.5420 deg 
        (SI-QS-c3) Kt =  55.0040 kcal/(mol rad)^2,  th_eq = 126.7111 deg 
        (QH-SI-QS) Kt =  63.6390 kcal/(mol rad)^2,  th_eq = 107.5290 deg 
       (hc-c3-J3-hc) Kp =   0.1500 kcal/mol,  Np = 3.0000,  Phase =   0.0000 Deg 
       (hc-c3-J3-SI) Kp =   0.1600 kcal/mol,  Np = 3.0000,  Phase =   0.0000 Deg 
       (c3-J3-SI-ha) Kp =   0.1556 kcal/mol,  Np = 3.0000,  Phase =   0.0000 Deg 
       (J3-SI-QH-ho) Kp =   0.2500 kcal/mol,  Np = 1.0000,  Phase =   0.0000 Deg 
       (J3-SI-QH-ho) Kp =   0.1600 kcal/mol,  Np = 3.0000,  Phase =   0.0000 Deg 
       (hc-J3-SI-QH) Kp =   0.2500 kcal/mol,  Np = 1.0000,  Phase =   0.0000 Deg 
       (hc-J3-SI-QH) Kp =   0.0000 kcal/mol,  Np = 3.0000,  Phase =   0.0000 Deg 
       (hc-J3-SI-QS) Kp =   0.2500 kcal/mol,  Np = 1.0000,  Phase =   0.0000 Deg 
       (hc-J3-SI-QS) Kp =   0.0000 kcal/mol,  Np = 3.0000,  Phase =   0.0000 Deg 
       (hc-J3-SI-ha) Kp =   0.1556 kcal/mol,  Np = 3.0000,  Phase =   0.0000 Deg 
       (SI-QS-c3-h1) Kp =   0.3833 kcal/mol,  Np = 3.0000,  Phase =   0.0000 Deg 
       (QS-SI-QH-ho) Kp =   0.1667 kcal/mol,  Np = 3.0000,  Phase =   0.0000 Deg 
       (ha-SI-QH-ho) Kp =   0.1667 kcal/mol,  Np = 3.0000,  Phase =   0.0000 Deg 
       (ha-SI-QS-c3) Kp =   0.3833 kcal/mol,  Np = 3.0000,  Phase =   0.0000 Deg 
       (c3-J3-SI-QH) Kp =   0.1556 kcal/mol,  Np = 3.0000,  Phase =   0.0000 Deg 
       (c3-J3-SI-QS)*Kp =   0.1556 kcal/mol,  Np = 3.0000,  Phase =   0.0000 Deg 
       (J3-SI-QS-c3) Kp =   0.1000 kcal/mol,  Np = 2.0000,  Phase = 180.0001 Deg 
       (J3-SI-QS-c3) Kp =   0.3800 kcal/mol,  Np = 3.0000,  Phase =   0.0000 Deg 
       (QH-SI-QS-c3) Kp =   0.3833 kcal/mol,  Np = 3.0000,  Phase =   0.0000 Deg 
   -----------------------------------------------------------------------------------
   Sum of squares for initial parameters =    0.9983383997 kcal^2/mol^2
   R^2 value for initial parameters      =   0.970186
   Calculated energy with initial parameters for structure 1 = -351442.522563 KCal/mol
   Actual energy for structure 1 should be                   = -351442.316763 KCal/mol

   --------------------------GENETIC ALGORITHM MINIMISATION ---------------------------
   Minimising function SUM_SQUARES_AMBER_STANDARD, using the GENETIC ALGORITHM
   Running SIMPLEX REFINEMENT every 10 converged gen, then break for 10
   -------------------------------------------------------------------------------------
   GENERATIONS_TO_CONVERGE = 100    MAX_GENERATIONS = 50000    CONV_LIMIT = 1.00E+01
   OPTIMIZATIONS = 500    PARENT_PERCENT = 0.25
   SEARCH_SPACE = -1.00    MAX_GENERATIONS = 50000
   ------------------------------------ CONVERGENCE ------------------------------------
   Gen    0:  Best=    1.05270  	Mean=     1677.5 Elapsed=         0/3
   Gen    1:  Best=    0.94062  	Mean=      25.97 Elapsed=         1/3
   Gen    2:  Best=    0.94062  	Mean=     2.3163 Elapsed=         2/3
   Gen    3:  Best=    0.94056  	Mean=     1.0455 Conv=            0/100
   Gen    4:  Best=    0.94056  	Mean=    0.94878 Conv=            1/100
   Gen    5:  Best=    0.94056  	Mean=    0.94356 Conv=            2/100
   Gen    6:  Best=    0.94056  	Mean=    0.94313 Conv=            3/100
   Gen    7:  Best=    0.94056  	Mean=    0.94303 Conv=            4/100
   Gen    8:  Best=    0.94056  	Mean=     0.9437 Conv=            5/100
   Gen    9:  Best=    0.94056  	Mean=    0.94357 Conv=            6/100
   Gen   10:  Best=    0.94056  	Mean=    0.94292 Conv=            7/100
   Gen   11:  Best=    0.94056  	Mean=    0.94366 Conv=            8/100
   Gen   12:  Best=    0.94056  	Mean=    0.94351 Conv=            9/100
   Gen   13:  Best=    0.94056  	Mean=    0.94313 Conv=           10/100
   Gen   14:  Best=    0.94056  	Mean=    0.94334 Conv=           11/100
   Gen   15:  Best=    0.94056  	Mean=    0.94348 Conv=           12/100
   Gen   16:  Best=    0.94056  	Mean=    0.94352 Conv=           13/100
   Gen   17:  Best=    0.94056  	Mean=     0.9433 Conv=           14/100
   Gen   18:  Best=    0.94056  	Mean=    0.94364 Conv=           15/100
   Gen   19:  Best=    0.94056  	Mean=    0.94321 Conv=           16/100
   Gen   20:  Best=    0.94056  	Mean=    0.94331 Conv=           17/100
   Gen   21:  Best=    0.94056  	Mean=     0.9436 Conv=           18/100
   Gen   22:  Best=    0.94056  	Mean=    0.94333 Conv=           19/100
   Gen   23:  Best=    0.94056  	Mean=    0.94312 Conv=           20/100
   Gen   24:  Best=    0.94056  	Mean=    0.94296 Conv=           21/100
   Gen   25:  Best=    0.94056  	Mean=      0.943 Conv=           22/100
   Gen   26:  Best=    0.94056  	Mean=    0.94314 Conv=           23/100
   Gen   27:  Best=    0.94056  	Mean=    0.94327 Conv=           24/100
   Gen   28:  Best=    0.94056  	Mean=    0.94371 Conv=           25/100
   Gen   29:  Best=    0.94056  	Mean=    0.94321 Conv=           26/100
   Gen   30:  Best=    0.94056  	Mean=    0.94349 Conv=           27/100
   Gen   31:  Best=    0.94056  	Mean=    0.94375 Conv=           28/100
   Gen   32:  Best=    0.94056  	Mean=    0.94329 Conv=           29/100
   Gen   33:  Best=    0.94056  	Mean=    0.94361 Conv=           30/100
   Gen   34:  Best=    0.94056  	Mean=    0.94366 Conv=           31/100
   Gen   35:  Best=    0.94056  	Mean=    0.94335 Conv=           32/100
   Gen   36:  Best=    0.94056  	Mean=    0.94322 Conv=           33/100
   Gen   37:  Best=    0.94056  	Mean=    0.94299 Conv=           34/100
   Gen   38:  Best=    0.94056  	Mean=    0.94305 Conv=           35/100
   Gen   39:  Best=    0.94056  	Mean=    0.94357 Conv=           36/100
   Gen   40:  Best=    0.94056  	Mean=    0.94351 Conv=           37/100
   Gen   41:  Best=    0.94056  	Mean=    0.94331 Conv=           38/100
   Gen   42:  Best=    0.94056  	Mean=    0.94312 Conv=           39/100
   Gen   43:  Best=    0.94056  	Mean=    0.94371 Conv=           40/100
   Gen   44:  Best=    0.94056  	Mean=    0.94335 Conv=           41/100
   Gen   45:  Best=    0.94056  	Mean=    0.94388 Conv=           42/100
   Gen   46:  Best=    0.94056  	Mean=    0.94346 Conv=           43/100
   Gen   47:  Best=    0.94056  	Mean=     0.9435 Conv=           44/100
   Gen   48:  Best=    0.94056  	Mean=    0.94347 Conv=           45/100
   Gen   49:  Best=    0.94056  	Mean=    0.94378 Conv=           46/100
   Gen   50:  Best=    0.94056  	Mean=    0.94345 Conv=           47/100
   Gen   51:  Best=    0.94056  	Mean=    0.94364 Conv=           48/100
   Gen   52:  Best=    0.94056  	Mean=    0.94306 Conv=           49/100
   Gen   53:  Best=    0.94056  	Mean=    0.94381 Conv=           50/100
   Gen   54:  Best=    0.94056  	Mean=    0.94332 Conv=           51/100
   Gen   55:  Best=    0.94056  	Mean=    0.94405 Conv=           52/100
   Gen   56:  Best=    0.94056  	Mean=    0.94329 Conv=           53/100
   Gen   57:  Best=    0.94056  	Mean=     0.9437 Conv=           54/100
   Gen   58:  Best=    0.94056  	Mean=    0.94391 Conv=           55/100
   Gen   59:  Best=    0.94056  	Mean=    0.94317 Conv=           56/100
   Gen   60:  Best=    0.94056  	Mean=    0.94322 Conv=           57/100
   Gen   61:  Best=    0.94056  	Mean=    0.94361 Conv=           58/100
   Gen   62:  Best=    0.94056  	Mean=    0.94298 Conv=           59/100
   Gen   63:  Best=    0.94056  	Mean=    0.94346 Conv=           60/100
   Gen   64:  Best=    0.94056  	Mean=    0.94298 Conv=           61/100
   Gen   65:  Best=    0.94056  	Mean=    0.94326 Conv=           62/100
   Gen   66:  Best=    0.94056  	Mean=    0.94351 Conv=           63/100
   Gen   67:  Best=    0.94056  	Mean=    0.94301 Conv=           64/100
   Gen   68:  Best=    0.94056  	Mean=    0.94362 Conv=           65/100
   Gen   69:  Best=    0.94056  	Mean=    0.94331 Conv=           66/100
   Gen   70:  Best=    0.94056  	Mean=    0.94326 Conv=           67/100
   Gen   71:  Best=    0.94056  	Mean=    0.94347 Conv=           68/100
   Gen   72:  Best=    0.94056  	Mean=    0.94338 Conv=           69/100
   Gen   73:  Best=    0.94056  	Mean=    0.94361 Conv=           70/100
   Gen   74:  Best=    0.94056  	Mean=    0.94344 Conv=           71/100
   Gen   75:  Best=    0.94056  	Mean=    0.94312 Conv=           72/100
   Gen   76:  Best=    0.94056  	Mean=    0.94326 Conv=           73/100
   Gen   77:  Best=    0.94056  	Mean=     0.9434 Conv=           74/100
   Gen   78:  Best=    0.94056  	Mean=    0.94334 Conv=           75/100
   Gen   79:  Best=    0.94056  	Mean=    0.94352 Conv=           76/100
   Gen   80:  Best=    0.94056  	Mean=    0.94273 Conv=           77/100
   Gen   81:  Best=    0.94056  	Mean=    0.94337 Conv=           78/100
   Gen   82:  Best=    0.94056  	Mean=     0.9432 Conv=           79/100
   Gen   83:  Best=    0.94056  	Mean=    0.94397 Conv=           80/100
   Gen   84:  Best=    0.94056  	Mean=    0.94392 Conv=           81/100
   Gen   85:  Best=    0.94056  	Mean=    0.94374 Conv=           82/100
   Gen   86:  Best=    0.94056  	Mean=    0.94307 Conv=           83/100
   Gen   87:  Best=    0.94056  	Mean=      0.944 Conv=           84/100
   Gen   88:  Best=    0.94056  	Mean=    0.94335 Conv=           85/100
   Gen   89:  Best=    0.94056  	Mean=    0.94299 Conv=           86/100
   Gen   90:  Best=    0.94056  	Mean=    0.94377 Conv=           87/100
   Gen   91:  Best=    0.94056  	Mean=    0.94336 Conv=           88/100
   Gen   92:  Best=    0.94056  	Mean=    0.94332 Conv=           89/100
   Gen   93:  Best=    0.94056  	Mean=    0.94345 Conv=           90/100
   Gen   94:  Best=    0.94056  	Mean=    0.94305 Conv=           91/100
   Gen   95:  Best=    0.94056  	Mean=    0.94329 Conv=           92/100
   Gen   96:  Best=    0.94056  	Mean=      0.943 Conv=           93/100
   Gen   97:  Best=    0.94056  	Mean=    0.94333 Conv=           94/100
   Gen   98:  Best=    0.94056  	Mean=     0.9436 Conv=           95/100
   Gen   99:  Best=    0.94056  	Mean=    0.94299 Conv=           96/100
   Gen  100:  Best=    0.94056  	Mean=    0.94285 Conv=           97/100
   Gen  101:  Best=    0.94056  	Mean=    0.94291 Conv=           98/100
   Gen  102:  Best=    0.94056  	Mean=    0.94356 Conv=           99/100
   Gen  103:  Best=    0.94056  	Mean=    0.94319 Conv=          100/100
| Took    104 generations to converge.
   ------------------------------- FINAL PARAMETERS ---------------------------------
   Parameters for force field equation: AMBER_STANDARD:
   (* means parameter is NOT constant during fit)
                         K = -351357.466330 kcal/mol
             (hc-c3) Kr = 330.6000 kcal/(mol A)^2, r_eq =   1.0969 A 
             (J3-hc) Kr = 333.1540 kcal/(mol A)^2, r_eq =   1.0950 A 
             (SI-ha) Kr = 239.0000 kcal/(mol A)^2, r_eq =   1.4600 A 
             (QH-ho) Kr = 400.1280 kcal/(mol A)^2, r_eq =   0.9570 A 
             (c3-h1) Kr = 330.6000 kcal/(mol A)^2, r_eq =   1.0969 A 
             (c3-J3) Kr = 309.5690 kcal/(mol A)^2, r_eq =   1.5280 A 
             (J3-SI) Kr = 130.2950 kcal/(mol A)^2, r_eq =   1.8520 A 
             (SI-QH) Kr = 162.7980 kcal/(mol A)^2, r_eq =   1.6500 A 
             (SI-QS) Kr = 170.0960 kcal/(mol A)^2, r_eq =   1.6340 A 
             (QS-c3) Kr = 333.4290 kcal/(mol A)^2, r_eq =   1.4070 A 
        (hc-c3-J3) Kt =  46.3400 kcal/(mol rad)^2,  th_eq = 109.8000 deg 
        (hc-c3-hc) Kt =  39.4000 kcal/(mol rad)^2,  th_eq = 107.5800 deg 
        (c3-J3-hc) Kt =  46.3400 kcal/(mol rad)^2,  th_eq = 109.8000 deg 
        (J3-SI-ha) Kt =  47.7800 kcal/(mol rad)^2,  th_eq = 109.5000 deg 
        (hc-J3-SI) Kt =  38.7870 kcal/(mol rad)^2,  th_eq = 107.5600 deg 
        (hc-J3-hc) Kt =  39.4000 kcal/(mol rad)^2,  th_eq = 107.5800 deg 
        (SI-QH-ho) Kt =  38.8180 kcal/(mol rad)^2,  th_eq = 117.1851 deg 
        (QH-SI-ha) Kt =  47.7800 kcal/(mol rad)^2,  th_eq = 109.5000 deg 
        (QS-SI-ha) Kt =  47.7800 kcal/(mol rad)^2,  th_eq = 109.5000 deg 
        (QS-c3-h1) Kt =  50.8000 kcal/(mol rad)^2,  th_eq = 109.7800 deg 
        (h1-c3-h1) Kt =  39.2400 kcal/(mol rad)^2,  th_eq = 108.4600 deg 
        (c3-J3-SI) Kt =  55.3870 kcal/(mol rad)^2,  th_eq = 114.5880 deg 
        (J3-SI-QH) Kt =  55.8640 kcal/(mol rad)^2,  th_eq = 114.0510 deg 
        (J3-SI-QS) Kt =  57.7270 kcal/(mol rad)^2,  th_eq = 107.5420 deg 
        (SI-QS-c3) Kt =  55.0040 kcal/(mol rad)^2,  th_eq = 126.7111 deg 
        (QH-SI-QS) Kt =  63.6390 kcal/(mol rad)^2,  th_eq = 107.5290 deg 
       (hc-c3-J3-hc) Kp =   0.1500 kcal/mol,  Np = 3.0000,  Phase =   0.0000 Deg 
       (hc-c3-J3-SI) Kp =   0.1600 kcal/mol,  Np = 3.0000,  Phase =   0.0000 Deg 
       (c3-J3-SI-ha) Kp =   0.1556 kcal/mol,  Np = 3.0000,  Phase =   0.0000 Deg 
       (J3-SI-QH-ho) Kp =   0.2500 kcal/mol,  Np = 1.0000,  Phase =   0.0000 Deg 
       (J3-SI-QH-ho) Kp =   0.1600 kcal/mol,  Np = 3.0000,  Phase =   0.0000 Deg 
       (hc-J3-SI-QH) Kp =   0.2500 kcal/mol,  Np = 1.0000,  Phase =   0.0000 Deg 
       (hc-J3-SI-QH) Kp =   0.0000 kcal/mol,  Np = 3.0000,  Phase =   0.0000 Deg 
       (hc-J3-SI-QS) Kp =   0.2500 kcal/mol,  Np = 1.0000,  Phase =   0.0000 Deg 
       (hc-J3-SI-QS) Kp =   0.0000 kcal/mol,  Np = 3.0000,  Phase =   0.0000 Deg 
       (hc-J3-SI-ha) Kp =   0.1556 kcal/mol,  Np = 3.0000,  Phase =   0.0000 Deg 
       (SI-QS-c3-h1) Kp =   0.3833 kcal/mol,  Np = 3.0000,  Phase =   0.0000 Deg 
       (QS-SI-QH-ho) Kp =   0.1667 kcal/mol,  Np = 3.0000,  Phase =   0.0000 Deg 
       (ha-SI-QH-ho) Kp =   0.1667 kcal/mol,  Np = 3.0000,  Phase =   0.0000 Deg 
       (ha-SI-QS-c3) Kp =   0.3833 kcal/mol,  Np = 3.0000,  Phase =   0.0000 Deg 
       (c3-J3-SI-QH) Kp =   0.1556 kcal/mol,  Np = 3.0000,  Phase =   0.0000 Deg 
       (c3-J3-SI-QS)*Kp =   0.1347 kcal/mol,  Np = 3.0000,  Phase =   0.0000 Deg 
       (J3-SI-QS-c3) Kp =   0.1000 kcal/mol,  Np = 2.0000,  Phase = 180.0001 Deg 
       (J3-SI-QS-c3) Kp =   0.3800 kcal/mol,  Np = 3.0000,  Phase =   0.0000 Deg 
       (QH-SI-QS-c3) Kp =   0.3833 kcal/mol,  Np = 3.0000,  Phase =   0.0000 Deg 
   ----------------------------------------------------------------------------------
|   Called the fitness function 63318 times.
   Function value with fitted parameters  =        0.9406, R^2 =       0.9702
   Calculated energy with fitted parameters for structure 1 =    -85.0978 KCal/mol

 * Saving ffrcmod file to fit_1_d23.frcmod
 * Saving energy file with 90 structures to fit_1_energy.dat
 * Result passed angle validity check.
 * Result passed bond validity check.

|             Program Execution Completed at: Wed Aug 29 16:56:24 2018
|                            Elapsed Time = 93.00 seconds
*************************************************************************************
