
                *****************************************************
                * AMBER Bond Angle and Dihedral Parameter Optimiser *
                *                                                   *
                *                      v3.0.0                       *
                *                                                   *
                *                    Written by:                    *
                *                 Robin Betz (2011)                 *
                *                 Ross Walker (2004)                *
                *          The Walker Molecular Dynamics Lab        *
                *         University of California, San Diego       *
                *            La Jolla, California, 92092            *
                *                       USA                         *
                *****************************************************

*************************************************************************************
                                Execution started at:
|                             Wed Aug 29 16:58:29 2018

|
| Random seed = 1535572709
 Reading job control file: fitK_d23.in
 Job Control: Read a total of 10 lines from job_control file. 6 options set.

  Reading prmtop file    : d23.prmtop
   Prmtop   (unique): Found 10 unique bonds.
   Prmtop   (unique): Found 16 unique angles.
   Prmtop   (unique): Found 15 unique dihedrals.
   Prmtop   (unique): Found 19 unique dihedral terms.
 Reading mdcrd file: d23_valid_structures.mdcrd
  Reading mdcrd file    : d23_valid_structures.mdcrd
    Coordinate file passed format check
  Reading energy file or directory  : energy_qm_d23.dat
        ---------------------------------------------------------------------
        |                          OPTIONS SUMMARY                         |
        |                          ---------------                          |
        | Summary of Run Type Options:                                      |
        |   Run Mode = FIT, Minimiser = SIMPLEX                             |
        |   Function to be Fit = SUM_SQUARES_AMBER_STANDARD                 |
        |                                                                   |
        | Terms to be fit:                                                  |
        |   K = 1, UNIQUE_BONDS = 10, UNIQUE ANGLES = 16                    |
        |   UNIQUE DIHEDRALS = 15  TOTAL DIHEDRAL TERMS = 19                |
        |   NBONDS = 15, NANGLES = 26, NDIHEDRALS = 33                      |
        |                                 Total dimensions of fit = 1       |
        |                                                                   |
        | Sample structures for least squares fit = 90                      |
        |                                                                   |
        |                                                                   |
        | Energy Correction Term (K) = TO BE FIT                            |
        |                                                                   |
        |           BONDFC_dx =     5.0000                                  |
        |           BONDEQ_dx =     0.0200                                  |
        |          ANGLEFC_dx =     1.0000                                  |
        |          ANGLEEQ_dx =     0.0500                                  |
        |       DIHEDRALBH_dx =     0.2000                                  |
        |        DIHEDRALN_dx =     0.0100                                  |
        |        DIHEDRALG_dx =     0.0500                                  |
        |              K_dx =    10.0000                                    |
        |                                                                   |
        | Convergence requested to within 1.0000E-15                        |
        |                                                                   |
        | Estimate Memory Usage (per cpu):                                  |
        |  Coordinate info will be read from disk as required.              |
        |                OPTION STORAGE = 66 bytes                          |
        |                PRMTOP STORAGE = 371394 bytes                      |
        |            COORDINATE STORAGE = 40360 bytes                       |
        |         SIMPLEX ARRAY STORAGE = 168 bytes                         |
        |                                                                   |
        |  TOTAL ESTIMATED MEMORY USAGE = 411988 bytes                      |
        |                                                                   |
        ---------------------------------------------------------------------

 * Input structures passed dihedral span check.

   ------------------------------- INITIAL PARAMETERS --------------------------------
   Parameters for force field equation: AMBER_STANDARD:
   (* means parameter is NOT constant during fit)
                         *K = 0.000000 kcal/mol
             (hc-c3) Kr = 330.6000 kcal/(mol A)^2, r_eq =   1.0969 A 
             (J3-hc) Kr = 333.1540 kcal/(mol A)^2, r_eq =   1.0950 A 
             (SI-ha) Kr = 239.0000 kcal/(mol A)^2, r_eq =   1.4600 A 
             (QH-ho) Kr = 400.1280 kcal/(mol A)^2, r_eq =   0.9570 A 
             (c3-h1) Kr = 330.6000 kcal/(mol A)^2, r_eq =   1.0969 A 
             (c3-J3) Kr = 309.5690 kcal/(mol A)^2, r_eq =   1.5280 A 
             (J3-SI) Kr = 130.2950 kcal/(mol A)^2, r_eq =   1.8520 A 
             (SI-QH) Kr = 162.7980 kcal/(mol A)^2, r_eq =   1.6500 A 
             (SI-QS) Kr = 170.0960 kcal/(mol A)^2, r_eq =   1.6340 A 
             (QS-c3) Kr = 333.4290 kcal/(mol A)^2, r_eq =   1.4070 A 
        (hc-c3-J3) Kt =  46.3400 kcal/(mol rad)^2,  th_eq = 109.8000 deg 
        (hc-c3-hc) Kt =  39.4000 kcal/(mol rad)^2,  th_eq = 107.5800 deg 
        (c3-J3-hc) Kt =  46.3400 kcal/(mol rad)^2,  th_eq = 109.8000 deg 
        (J3-SI-ha) Kt =  47.7800 kcal/(mol rad)^2,  th_eq = 109.5000 deg 
        (hc-J3-SI) Kt =  38.7870 kcal/(mol rad)^2,  th_eq = 107.5600 deg 
        (hc-J3-hc) Kt =  39.4000 kcal/(mol rad)^2,  th_eq = 107.5800 deg 
        (SI-QH-ho) Kt =  38.8180 kcal/(mol rad)^2,  th_eq = 117.1851 deg 
        (QH-SI-ha) Kt =  47.7800 kcal/(mol rad)^2,  th_eq = 109.5000 deg 
        (QS-SI-ha) Kt =  47.7800 kcal/(mol rad)^2,  th_eq = 109.5000 deg 
        (QS-c3-h1) Kt =  50.8000 kcal/(mol rad)^2,  th_eq = 109.7800 deg 
        (h1-c3-h1) Kt =  39.2400 kcal/(mol rad)^2,  th_eq = 108.4600 deg 
        (c3-J3-SI) Kt =  55.3870 kcal/(mol rad)^2,  th_eq = 114.5880 deg 
        (J3-SI-QH) Kt =  55.8640 kcal/(mol rad)^2,  th_eq = 114.0510 deg 
        (J3-SI-QS) Kt =  57.7270 kcal/(mol rad)^2,  th_eq = 107.5420 deg 
        (SI-QS-c3) Kt =  55.0040 kcal/(mol rad)^2,  th_eq = 126.7111 deg 
        (QH-SI-QS) Kt =  63.6390 kcal/(mol rad)^2,  th_eq = 107.5290 deg 
       (hc-c3-J3-hc) Kp =   0.1500 kcal/mol,  Np = 3.0000,  Phase =   0.0000 Deg 
       (hc-c3-J3-SI) Kp =   0.1600 kcal/mol,  Np = 3.0000,  Phase =   0.0000 Deg 
       (c3-J3-SI-ha) Kp =   0.1556 kcal/mol,  Np = 3.0000,  Phase =   0.0000 Deg 
       (J3-SI-QH-ho) Kp =   0.2500 kcal/mol,  Np = 1.0000,  Phase =   0.0000 Deg 
       (J3-SI-QH-ho) Kp =   0.1600 kcal/mol,  Np = 3.0000,  Phase =   0.0000 Deg 
       (hc-J3-SI-QH) Kp =   0.2500 kcal/mol,  Np = 1.0000,  Phase =   0.0000 Deg 
       (hc-J3-SI-QH) Kp =   0.0000 kcal/mol,  Np = 3.0000,  Phase =   0.0000 Deg 
       (hc-J3-SI-QS) Kp =   0.2500 kcal/mol,  Np = 1.0000,  Phase =   0.0000 Deg 
       (hc-J3-SI-QS) Kp =   0.0000 kcal/mol,  Np = 3.0000,  Phase =   0.0000 Deg 
       (hc-J3-SI-ha) Kp =   0.1556 kcal/mol,  Np = 3.0000,  Phase =   0.0000 Deg 
       (SI-QS-c3-h1) Kp =   0.3833 kcal/mol,  Np = 3.0000,  Phase =   0.0000 Deg 
       (QS-SI-QH-ho) Kp =   0.1667 kcal/mol,  Np = 3.0000,  Phase =   0.0000 Deg 
       (ha-SI-QH-ho) Kp =   0.1667 kcal/mol,  Np = 3.0000,  Phase =   0.0000 Deg 
       (ha-SI-QS-c3) Kp =   0.3833 kcal/mol,  Np = 3.0000,  Phase =   0.0000 Deg 
       (c3-J3-SI-QH) Kp =   0.1556 kcal/mol,  Np = 3.0000,  Phase =   0.0000 Deg 
       (c3-J3-SI-QS) Kp =   0.1556 kcal/mol,  Np = 3.0000,  Phase =   0.0000 Deg 
       (J3-SI-QS-c3) Kp =   0.1000 kcal/mol,  Np = 2.0000,  Phase = 180.0001 Deg 
       (J3-SI-QS-c3) Kp =   0.3800 kcal/mol,  Np = 3.0000,  Phase =   0.0000 Deg 
       (QH-SI-QS-c3) Kp =   0.3833 kcal/mol,  Np = 3.0000,  Phase =   0.0000 Deg 
   -----------------------------------------------------------------------------------
   Sum of squares for initial parameters = 11110686223132.1464843750 kcal^2/mol^2
   R^2 value for initial parameters      =   0.970215
   Calculated energy with initial parameters for structure 1 = -85.056233 KCal/mol
   Actual energy for structure 1 should be                   = -351442.316763 KCal/mol

   --------------------------------- SIMPLEX MINIMISATION ----------------------------
   Minimising function SUM_SQUARES_AMBER_STANDARD, using the SIMPLEX METHOD
   -------------------------------------- CONVERGENCE --------------------------------
   Step     0: Conv=  5.1357E-05 min=11110686223132.1465,max=11111256852802.3477 avg11110971537967.2461
   Step     1: Conv=  1.9919E+00 min=    875.4581 max= 429273.1505 avg= 215074.3043
   Step     2: Conv=  3.2203E-12 min=      0.9983 max=      0.9983 avg=      0.9983
   Step     3: Conv=  4.0366E-12 min=      0.9983 max=      0.9983 avg=      0.9983
   Step     4: Conv=  4.0651E-12 min=      0.9983 max=      0.9983 avg=      0.9983
   Step     5: Conv=  2.8297E-12 min=      0.9983 max=      0.9983 avg=      0.9983
   Step     6: Conv=  2.8210E-12 min=      0.9983 max=      0.9983 avg=      0.9983
   Step     7: Conv=  4.2919E-12 min=      0.9983 max=      0.9983 avg=      0.9983
   Step     8: Conv=  3.2965E-12 min=      0.9983 max=      0.9983 avg=      0.9983
   Step     9: Conv=  4.8033E-12 min=      0.9983 max=      0.9983 avg=      0.9983
   Step    10: Conv=  4.5873E-12 min=      0.9983 max=      0.9983 avg=      0.9983
   Step    11: Conv=  4.2874E-12 min=      0.9983 max=      0.9983 avg=      0.9983
   Step    12: Conv=  4.4650E-12 min=      0.9983 max=      0.9983 avg=      0.9983
   Step    13: Conv=  4.0867E-12 min=      0.9983 max=      0.9983 avg=      0.9983
   Step    14: Conv=  2.9015E-12 min=      0.9983 max=      0.9983 avg=      0.9983
   Step    15: Conv=  4.7062E-12 min=      0.9983 max=      0.9983 avg=      0.9983
   Step    16: Conv=  4.1688E-12 min=      0.9983 max=      0.9983 avg=      0.9983
   Step    17: Conv=  3.4260E-12 min=      0.9983 max=      0.9983 avg=      0.9983
   Step    18: Conv=  3.8861E-12 min=      0.9983 max=      0.9983 avg=      0.9983
   Step    19: Conv=  3.7420E-12 min=      0.9983 max=      0.9983 avg=      0.9983
   Step    20: Conv=  3.3248E-12 min=      0.9983 max=      0.9983 avg=      0.9983
   Step    21: Conv=  4.3709E-12 min=      0.9983 max=      0.9983 avg=      0.9983
   Step    22: Conv=  4.6199E-12 min=      0.9983 max=      0.9983 avg=      0.9983
   Step    23: Conv=  3.5465E-12 min=      0.9983 max=      0.9983 avg=      0.9983
   Step    24: Conv=  4.8910E-12 min=      0.9983 max=      0.9983 avg=      0.9983
   Step    25: Conv=  4.1851E-12 min=      0.9983 max=      0.9983 avg=      0.9983
   Step    26: Conv=  4.4253E-12 min=      0.9983 max=      0.9983 avg=      0.9983
   Step    27: Conv=  3.9471E-12 min=      0.9983 max=      0.9983 avg=      0.9983
   Step    28: Conv=  2.7727E-12 min=      0.9983 max=      0.9983 avg=      0.9983
   Step    29: Conv=  4.6753E-12 min=      0.9983 max=      0.9983 avg=      0.9983
   Step    30: Conv=  3.6325E-12 min=      0.9983 max=      0.9983 avg=      0.9983
   Step    31: Conv=  3.9329E-12 min=      0.9983 max=      0.9983 avg=      0.9983
   Step    32: Conv=  4.7039E-12 min=      0.9983 max=      0.9983 avg=      0.9983
   Step    33: Conv=  4.3830E-12 min=      0.9983 max=      0.9983 avg=      0.9983
   Step    34: Conv=  3.1517E-12 min=      0.9983 max=      0.9983 avg=      0.9983
   Step    35: Conv=  3.8812E-12 min=      0.9983 max=      0.9983 avg=      0.9983
   Step    36: Conv=  4.7062E-12 min=      0.9983 max=      0.9983 avg=      0.9983
   Step    37: Conv=  3.4260E-12 min=      0.9983 max=      0.9983 avg=      0.9983
   Step    38: Conv=  3.3335E-12 min=      0.9983 max=      0.9983 avg=      0.9983
   Step    39: Conv=  3.1321E-12 min=      0.9983 max=      0.9983 avg=      0.9983
   Step    40: Conv=  3.3401E-12 min=      0.9983 max=      0.9983 avg=      0.9983
   Step    41: Conv=  3.0691E-12 min=      0.9983 max=      0.9983 avg=      0.9983
   Step    42: Conv=  2.6302E-12 min=      0.9983 max=      0.9983 avg=      0.9983
   Step    43: Conv=  2.9698E-12 min=      0.9983 max=      0.9983 avg=      0.9983
   Step    44: Conv=  4.6909E-12 min=      0.9983 max=      0.9983 avg=      0.9983
   Step    45: Conv=  2.9658E-12 min=      0.9983 max=      0.9983 avg=      0.9983
   Step    46: Conv=  2.8155E-12 min=      0.9983 max=      0.9983 avg=      0.9983
   Step    47: Conv=  3.9727E-12 min=      0.9983 max=      0.9983 avg=      0.9983
   Step    48: Conv=  3.8719E-12 min=      0.9983 max=      0.9983 avg=      0.9983
   Step    49: Conv=  4.1783E-12 min=      0.9983 max=      0.9983 avg=      0.9983
   Step    50: Conv=  2.9201E-12 min=      0.9983 max=      0.9983 avg=      0.9983
   Step    51: Conv=  4.7597E-12 min=      0.9983 max=      0.9983 avg=      0.9983
   Step    52: Conv=  3.6825E-12 min=      0.9983 max=      0.9983 avg=      0.9983
   Step    53: Conv=  2.6979E-12 min=      0.9983 max=      0.9983 avg=      0.9983
   Step    54: Conv=  3.4260E-12 min=      0.9983 max=      0.9983 avg=      0.9983
   Step    55: Conv=  3.6729E-12 min=      0.9983 max=      0.9983 avg=      0.9983
   Step    56: Conv=  4.3440E-12 min=      0.9983 max=      0.9983 avg=      0.9983
   Step    57: Conv=  3.0183E-12 min=      0.9983 max=      0.9983 avg=      0.9983
   Step    58: Conv=  2.8377E-12 min=      0.9983 max=      0.9983 avg=      0.9983
   Step    59: Conv=  4.5949E-12 min=      0.9983 max=      0.9983 avg=      0.9983
   Step    60: Conv=  2.8357E-12 min=      0.9983 max=      0.9983 avg=      0.9983
   Step    61: Conv=  3.9444E-12 min=      0.9983 max=      0.9983 avg=      0.9983
   Step    62: Conv=  3.6555E-12 min=      0.9983 max=      0.9983 avg=      0.9983
   Step    63: Conv=  2.6801E-12 min=      0.9983 max=      0.9983 avg=      0.9983
   Step    64: Conv=  3.4748E-12 min=      0.9983 max=      0.9983 avg=      0.9983
   Step    65: Conv=  4.3265E-12 min=      0.9983 max=      0.9983 avg=      0.9983
   Step    66: Conv=  4.0132E-12 min=      0.9983 max=      0.9983 avg=      0.9983
   Step    67: Conv=  3.3070E-12 min=      0.9983 max=      0.9983 avg=      0.9983
   Step    68: Conv=  2.9364E-12 min=      0.9983 max=      0.9983 avg=      0.9983
   Step    69: Conv=  2.5883E-12 min=      0.9983 max=      0.9983 avg=      0.9983
   Step    70: Conv=  3.9329E-12 min=      0.9983 max=      0.9983 avg=      0.9983
   Step    71: Conv=  3.7469E-12 min=      0.9983 max=      0.9983 avg=      0.9983
   Step    72: Conv=  3.0899E-12 min=      0.9983 max=      0.9983 avg=      0.9983
   Step    73: Conv=  4.0037E-12 min=      0.9983 max=      0.9983 avg=      0.9983
   Step    74: Conv=  4.2169E-12 min=      0.9983 max=      0.9983 avg=      0.9983
   Step    75: Conv=  2.9181E-12 min=      0.9983 max=      0.9983 avg=      0.9983
   Step    76: Conv=  4.4799E-12 min=      0.9983 max=      0.9983 avg=      0.9983
   Step    77: Conv=  4.5193E-12 min=      0.9983 max=      0.9983 avg=      0.9983
   Step    78: Conv=  4.3903E-12 min=      0.9983 max=      0.9983 avg=      0.9983
   Step    79: Conv=  3.4923E-12 min=      0.9983 max=      0.9983 avg=      0.9983
   Step    80: Conv=  3.8229E-12 min=      0.9983 max=      0.9983 avg=      0.9983
   Step    81: Conv=  4.8287E-12 min=      0.9983 max=      0.9983 avg=      0.9983
   Step    82: Conv=  3.3728E-12 min=      0.9983 max=      0.9983 avg=      0.9983
   Step    83: Conv=  2.7378E-12 min=      0.9983 max=      0.9983 avg=      0.9983
   Step    84: Conv=  2.6418E-12 min=      0.9983 max=      0.9983 avg=      0.9983
   Step    85: Conv=  4.3238E-12 min=      0.9983 max=      0.9983 avg=      0.9983
   Step    86: Conv=  3.8693E-12 min=      0.9983 max=      0.9983 avg=      0.9983
   Step    87: Conv=  4.4354E-12 min=      0.9983 max=      0.9983 avg=      0.9983
   Step    88: Conv=  4.8807E-12 min=      0.9983 max=      0.9983 avg=      0.9983
   Step    89: Conv=  4.1905E-12 min=      0.9983 max=      0.9983 avg=      0.9983
   Step    90: Conv=  4.1421E-12 min=      0.9983 max=      0.9983 avg=      0.9983
   Step    91: Conv=  2.8193E-12 min=      0.9983 max=      0.9983 avg=      0.9983
   Step    92: Conv=  3.2984E-12 min=      0.9983 max=      0.9983 avg=      0.9983
   Step    93: Conv=  2.9910E-12 min=      0.9983 max=      0.9983 avg=      0.9983
   Step    94: Conv=  2.9345E-12 min=      0.9983 max=      0.9983 avg=      0.9983
   Step    95: Conv=  4.2977E-12 min=      0.9983 max=      0.9983 avg=      0.9983
   Step    96: Conv=  4.8496E-12 min=      0.9983 max=      0.9983 avg=      0.9983
   Step    97: Conv=  4.4551E-12 min=      0.9983 max=      0.9983 avg=      0.9983
   Step    98: Conv=  2.8010E-12 min=      0.9983 max=      0.9983 avg=      0.9983
   Step    99: Conv=  2.8948E-12 min=      0.9983 max=      0.9983 avg=      0.9983
   Step   100: Conv=  4.4799E-12 min=      0.9983 max=      0.9983 avg=      0.9983
   Step   101: Conv=  4.2096E-12 min=      0.9983 max=      0.9983 avg=      0.9983
   Step   102: Conv=  4.1300E-12 min=      0.9983 max=      0.9983 avg=      0.9983
   Step   103: Conv=  2.7481E-12 min=      0.9983 max=      0.9983 avg=      0.9983
   -----------------------------------------------------------------------------------

   Minimum function value of       0.998338 has not changed in 100 cycles
   Assuming Function Has Converged - Total function evaluations = 5356

!  Warning - Convergence criteria of 1.0000E-15 was not met.
!            You should check the converged parameters carefully.

!  PARAMETERS FOR FINAL STEP FOLLOW:
!  Warning - final parameters do NOT represent a converged fit.
   ------------------------------- FINAL PARAMETERS ---------------------------------
   Parameters for force field equation: AMBER_STANDARD:
   (* means parameter is NOT constant during fit)
                         *K = -351357.466330 kcal/mol
             (hc-c3) Kr = 330.6000 kcal/(mol A)^2, r_eq =   1.0969 A 
             (J3-hc) Kr = 333.1540 kcal/(mol A)^2, r_eq =   1.0950 A 
             (SI-ha) Kr = 239.0000 kcal/(mol A)^2, r_eq =   1.4600 A 
             (QH-ho) Kr = 400.1280 kcal/(mol A)^2, r_eq =   0.9570 A 
             (c3-h1) Kr = 330.6000 kcal/(mol A)^2, r_eq =   1.0969 A 
             (c3-J3) Kr = 309.5690 kcal/(mol A)^2, r_eq =   1.5280 A 
             (J3-SI) Kr = 130.2950 kcal/(mol A)^2, r_eq =   1.8520 A 
             (SI-QH) Kr = 162.7980 kcal/(mol A)^2, r_eq =   1.6500 A 
             (SI-QS) Kr = 170.0960 kcal/(mol A)^2, r_eq =   1.6340 A 
             (QS-c3) Kr = 333.4290 kcal/(mol A)^2, r_eq =   1.4070 A 
        (hc-c3-J3) Kt =  46.3400 kcal/(mol rad)^2,  th_eq = 109.8000 deg 
        (hc-c3-hc) Kt =  39.4000 kcal/(mol rad)^2,  th_eq = 107.5800 deg 
        (c3-J3-hc) Kt =  46.3400 kcal/(mol rad)^2,  th_eq = 109.8000 deg 
        (J3-SI-ha) Kt =  47.7800 kcal/(mol rad)^2,  th_eq = 109.5000 deg 
        (hc-J3-SI) Kt =  38.7870 kcal/(mol rad)^2,  th_eq = 107.5600 deg 
        (hc-J3-hc) Kt =  39.4000 kcal/(mol rad)^2,  th_eq = 107.5800 deg 
        (SI-QH-ho) Kt =  38.8180 kcal/(mol rad)^2,  th_eq = 117.1851 deg 
        (QH-SI-ha) Kt =  47.7800 kcal/(mol rad)^2,  th_eq = 109.5000 deg 
        (QS-SI-ha) Kt =  47.7800 kcal/(mol rad)^2,  th_eq = 109.5000 deg 
        (QS-c3-h1) Kt =  50.8000 kcal/(mol rad)^2,  th_eq = 109.7800 deg 
        (h1-c3-h1) Kt =  39.2400 kcal/(mol rad)^2,  th_eq = 108.4600 deg 
        (c3-J3-SI) Kt =  55.3870 kcal/(mol rad)^2,  th_eq = 114.5880 deg 
        (J3-SI-QH) Kt =  55.8640 kcal/(mol rad)^2,  th_eq = 114.0510 deg 
        (J3-SI-QS) Kt =  57.7270 kcal/(mol rad)^2,  th_eq = 107.5420 deg 
        (SI-QS-c3) Kt =  55.0040 kcal/(mol rad)^2,  th_eq = 126.7111 deg 
        (QH-SI-QS) Kt =  63.6390 kcal/(mol rad)^2,  th_eq = 107.5290 deg 
       (hc-c3-J3-hc) Kp =   0.1500 kcal/mol,  Np = 3.0000,  Phase =   0.0000 Deg 
       (hc-c3-J3-SI) Kp =   0.1600 kcal/mol,  Np = 3.0000,  Phase =   0.0000 Deg 
       (c3-J3-SI-ha) Kp =   0.1556 kcal/mol,  Np = 3.0000,  Phase =   0.0000 Deg 
       (J3-SI-QH-ho) Kp =   0.2500 kcal/mol,  Np = 1.0000,  Phase =   0.0000 Deg 
       (J3-SI-QH-ho) Kp =   0.1600 kcal/mol,  Np = 3.0000,  Phase =   0.0000 Deg 
       (hc-J3-SI-QH) Kp =   0.2500 kcal/mol,  Np = 1.0000,  Phase =   0.0000 Deg 
       (hc-J3-SI-QH) Kp =   0.0000 kcal/mol,  Np = 3.0000,  Phase =   0.0000 Deg 
       (hc-J3-SI-QS) Kp =   0.2500 kcal/mol,  Np = 1.0000,  Phase =   0.0000 Deg 
       (hc-J3-SI-QS) Kp =   0.0000 kcal/mol,  Np = 3.0000,  Phase =   0.0000 Deg 
       (hc-J3-SI-ha) Kp =   0.1556 kcal/mol,  Np = 3.0000,  Phase =   0.0000 Deg 
       (SI-QS-c3-h1) Kp =   0.3833 kcal/mol,  Np = 3.0000,  Phase =   0.0000 Deg 
       (QS-SI-QH-ho) Kp =   0.1667 kcal/mol,  Np = 3.0000,  Phase =   0.0000 Deg 
       (ha-SI-QH-ho) Kp =   0.1667 kcal/mol,  Np = 3.0000,  Phase =   0.0000 Deg 
       (ha-SI-QS-c3) Kp =   0.3833 kcal/mol,  Np = 3.0000,  Phase =   0.0000 Deg 
       (c3-J3-SI-QH) Kp =   0.1556 kcal/mol,  Np = 3.0000,  Phase =   0.0000 Deg 
       (c3-J3-SI-QS) Kp =   0.1556 kcal/mol,  Np = 3.0000,  Phase =   0.0000 Deg 
       (J3-SI-QS-c3) Kp =   0.1000 kcal/mol,  Np = 2.0000,  Phase = 180.0001 Deg 
       (J3-SI-QS-c3) Kp =   0.3800 kcal/mol,  Np = 3.0000,  Phase =   0.0000 Deg 
       (QH-SI-QS-c3) Kp =   0.3833 kcal/mol,  Np = 3.0000,  Phase =   0.0000 Deg 
   ----------------------------------------------------------------------------------
|   Called the fitness function 5357 times.
   Function value with fitted parameters  =        0.9983, R^2 =       0.9699
   Calculated energy with fitted parameters for structure 1 =    -85.0562 KCal/mol

 * Result passed angle validity check.
 * Result passed bond validity check.

|             Program Execution Completed at: Wed Aug 29 16:58:38 2018
|                            Elapsed Time = 9.00 seconds
*************************************************************************************
